<?xml version="1.0" encoding="UTF-8"?>
<testsuite name="com.meli.controller.ApiControllerTest" tests="1" skipped="0" failures="0" errors="0" timestamp="2024-06-25T13:12:14" hostname="DESKTOP-UURGNPQ" time="0.095">
  <properties/>
  <testcase name="testHelloEndpoint()" classname="com.meli.controller.ApiControllerTest" time="0.095"/>
  <system-out><![CDATA[2024-06-25 08:12:13.989  INFO 11012 --- [    Test worker] .b.t.c.SpringBootTestContextBootstrapper : Neither @ContextConfiguration nor @ContextHierarchy found for test class [com.meli.controller.ApiControllerTest], using SpringBootContextLoader
2024-06-25 08:12:13.990  INFO 11012 --- [    Test worker] o.s.t.c.support.AbstractContextLoader    : Could not detect default resource locations for test class [com.meli.controller.ApiControllerTest]: no resource found for suffixes {-context.xml, Context.groovy}.
2024-06-25 08:12:13.990  INFO 11012 --- [    Test worker] t.c.s.AnnotationConfigContextLoaderUtils : Could not detect default configuration classes for test class [com.meli.controller.ApiControllerTest]: ApiControllerTest does not declare any static, non-private, non-final, nested classes annotated with @Configuration.
2024-06-25 08:12:13.999  INFO 11012 --- [    Test worker] .b.t.c.SpringBootTestContextBootstrapper : Found @SpringBootConfiguration com.meli.Application for test class com.meli.controller.ApiControllerTest
2024-06-25 08:12:14.000  INFO 11012 --- [    Test worker] .b.t.c.SpringBootTestContextBootstrapper : Loaded default TestExecutionListener class names from location [META-INF/spring.factories]: [org.springframework.boot.test.autoconfigure.restdocs.RestDocsTestExecutionListener, org.springframework.boot.test.autoconfigure.web.client.MockRestServiceServerResetTestExecutionListener, org.springframework.boot.test.autoconfigure.web.servlet.MockMvcPrintOnlyOnFailureTestExecutionListener, org.springframework.boot.test.autoconfigure.web.servlet.WebDriverTestExecutionListener, org.springframework.boot.test.autoconfigure.webservices.client.MockWebServiceServerTestExecutionListener, org.springframework.boot.test.mock.mockito.MockitoTestExecutionListener, org.springframework.boot.test.mock.mockito.ResetMocksTestExecutionListener, org.springframework.test.context.web.ServletTestExecutionListener, org.springframework.test.context.support.DirtiesContextBeforeModesTestExecutionListener, org.springframework.test.context.event.ApplicationEventsTestExecutionListener, org.springframework.test.context.support.DependencyInjectionTestExecutionListener, org.springframework.test.context.support.DirtiesContextTestExecutionListener, org.springframework.test.context.transaction.TransactionalTestExecutionListener, org.springframework.test.context.jdbc.SqlScriptsTestExecutionListener, org.springframework.test.context.event.EventPublishingTestExecutionListener]
2024-06-25 08:12:14.001  INFO 11012 --- [    Test worker] .b.t.c.SpringBootTestContextBootstrapper : Using TestExecutionListeners: [org.springframework.test.context.web.ServletTestExecutionListener@29a4ac43, org.springframework.test.context.support.DirtiesContextBeforeModesTestExecutionListener@5b837a22, org.springframework.test.context.event.ApplicationEventsTestExecutionListener@35022c7b, org.springframework.boot.test.mock.mockito.MockitoTestExecutionListener@3ec10f83, org.springframework.boot.test.autoconfigure.SpringBootDependencyInjectionTestExecutionListener@328b7aac, org.springframework.test.context.support.DirtiesContextTestExecutionListener@729954b5, org.springframework.test.context.event.EventPublishingTestExecutionListener@56dcdf69, org.springframework.boot.test.autoconfigure.restdocs.RestDocsTestExecutionListener@60576f26, org.springframework.boot.test.autoconfigure.web.client.MockRestServiceServerResetTestExecutionListener@9e0379a, org.springframework.boot.test.autoconfigure.web.servlet.MockMvcPrintOnlyOnFailureTestExecutionListener@31e4f6ef, org.springframework.boot.test.autoconfigure.web.servlet.WebDriverTestExecutionListener@1f3402d, org.springframework.boot.test.autoconfigure.webservices.client.MockWebServiceServerTestExecutionListener@5a86316a, org.springframework.boot.test.mock.mockito.ResetMocksTestExecutionListener@52d28147]

  .   ____          _            __ _ _
 /\\ / ___'_ __ _ _(_)_ __  __ _ \ \ \ \
( ( )\___ | '_ | '_| | '_ \/ _` | \ \ \ \
 \\/  ___)| |_)| | | | | || (_| |  ) ) ) )
  '  |____| .__|_| |_|_| |_\__, | / / / /
 =========|_|==============|___/=/_/_/_/
 :: Spring Boot ::                (v2.6.1)

2024-06-25 08:12:14.022  INFO 11012 --- [    Test worker] com.meli.controller.ApiControllerTest    : Starting ApiControllerTest using Java 13.0.14 on DESKTOP-UURGNPQ with PID 11012 (started by Teo in F:\Meli)
2024-06-25 08:12:14.022  INFO 11012 --- [    Test worker] com.meli.controller.ApiControllerTest    : No active profile set, falling back to default profiles: default
2024-06-25 08:12:14.448  INFO 11012 --- [    Test worker] o.s.b.t.m.w.SpringBootMockServletContext : Initializing Spring TestDispatcherServlet ''
2024-06-25 08:12:14.448  INFO 11012 --- [    Test worker] o.s.t.web.servlet.TestDispatcherServlet  : Initializing Servlet ''
2024-06-25 08:12:14.449  INFO 11012 --- [    Test worker] o.s.t.web.servlet.TestDispatcherServlet  : Completed initialization in 1 ms
2024-06-25 08:12:14.456  INFO 11012 --- [    Test worker] com.meli.controller.ApiControllerTest    : Started ApiControllerTest in 0.452 seconds (JVM running for 6.075)

MockHttpServletRequest:
      HTTP Method = GET
      Request URI = /api/hello
       Parameters = {}
          Headers = []
             Body = null
    Session Attrs = {}

Handler:
             Type = com.meli.controller.ApiController
           Method = com.meli.controller.ApiController#hello()

Async:
    Async started = false
     Async result = null

Resolved Exception:
             Type = null

ModelAndView:
        View name = null
             View = null
            Model = null

FlashMap:
       Attributes = null

MockHttpServletResponse:
           Status = 200
    Error message = null
          Headers = [Content-Type:"text/plain;charset=UTF-8", Content-Length:"23"]
     Content type = text/plain;charset=UTF-8
             Body = Hello from Spring Boot!
    Forwarded URL = null
   Redirected URL = null
          Cookies = []
]]></system-out>
  <system-err><![CDATA[]]></system-err>
</testsuite>
