<?xml version="1.0" encoding="UTF-8"?>
<testsuite name="com.meli.config.AppConfigTest" tests="2" skipped="0" failures="0" errors="0" timestamp="2024-06-25T13:11:06" hostname="DESKTOP-UURGNPQ" time="0.482">
  <properties/>
  <testcase name="testGetEmailUsername()" classname="com.meli.config.AppConfigTest" time="0.478"/>
  <testcase name="testGetEmailPassword()" classname="com.meli.config.AppConfigTest" time="0.003"/>
  <system-out><![CDATA[08:11:03.932 [Test worker] DEBUG org.springframework.test.context.BootstrapUtils - Instantiating CacheAwareContextLoaderDelegate from class [org.springframework.test.context.cache.DefaultCacheAwareContextLoaderDelegate]
08:11:03.957 [Test worker] DEBUG org.springframework.test.context.BootstrapUtils - Instantiating BootstrapContext using constructor [public org.springframework.test.context.support.DefaultBootstrapContext(java.lang.Class,org.springframework.test.context.CacheAwareContextLoaderDelegate)]
08:11:04.035 [Test worker] DEBUG org.springframework.test.context.BootstrapUtils - Instantiating TestContextBootstrapper for test class [com.meli.config.AppConfigTest] from class [org.springframework.boot.test.context.SpringBootTestContextBootstrapper]
08:11:04.052 [Test worker] INFO org.springframework.boot.test.context.SpringBootTestContextBootstrapper - Neither @ContextConfiguration nor @ContextHierarchy found for test class [com.meli.config.AppConfigTest], using SpringBootContextLoader
08:11:04.061 [Test worker] DEBUG org.springframework.test.context.support.AbstractContextLoader - Did not detect default resource location for test class [com.meli.config.AppConfigTest]: class path resource [com/meli/config/AppConfigTest-context.xml] does not exist
08:11:04.062 [Test worker] DEBUG org.springframework.test.context.support.AbstractContextLoader - Did not detect default resource location for test class [com.meli.config.AppConfigTest]: class path resource [com/meli/config/AppConfigTestContext.groovy] does not exist
08:11:04.063 [Test worker] INFO org.springframework.test.context.support.AbstractContextLoader - Could not detect default resource locations for test class [com.meli.config.AppConfigTest]: no resource found for suffixes {-context.xml, Context.groovy}.
08:11:04.065 [Test worker] INFO org.springframework.test.context.support.AnnotationConfigContextLoaderUtils - Could not detect default configuration classes for test class [com.meli.config.AppConfigTest]: AppConfigTest does not declare any static, non-private, non-final, nested classes annotated with @Configuration.
08:11:04.127 [Test worker] DEBUG org.springframework.test.context.support.ActiveProfilesUtils - Could not find an 'annotation declaring class' for annotation type [org.springframework.test.context.ActiveProfiles] and class [com.meli.config.AppConfigTest]
08:11:04.234 [Test worker] DEBUG org.springframework.context.annotation.ClassPathScanningCandidateComponentProvider - Identified candidate component class: file [F:\Meli\build\classes\java\main\com\meli\Application.class]
08:11:04.236 [Test worker] INFO org.springframework.boot.test.context.SpringBootTestContextBootstrapper - Found @SpringBootConfiguration com.meli.Application for test class com.meli.config.AppConfigTest
08:11:04.407 [Test worker] DEBUG org.springframework.boot.test.context.SpringBootTestContextBootstrapper - @TestExecutionListeners is not present for class [com.meli.config.AppConfigTest]: using defaults.
08:11:04.408 [Test worker] INFO org.springframework.boot.test.context.SpringBootTestContextBootstrapper - Loaded default TestExecutionListener class names from location [META-INF/spring.factories]: [org.springframework.boot.test.autoconfigure.restdocs.RestDocsTestExecutionListener, org.springframework.boot.test.autoconfigure.web.client.MockRestServiceServerResetTestExecutionListener, org.springframework.boot.test.autoconfigure.web.servlet.MockMvcPrintOnlyOnFailureTestExecutionListener, org.springframework.boot.test.autoconfigure.web.servlet.WebDriverTestExecutionListener, org.springframework.boot.test.autoconfigure.webservices.client.MockWebServiceServerTestExecutionListener, org.springframework.boot.test.mock.mockito.MockitoTestExecutionListener, org.springframework.boot.test.mock.mockito.ResetMocksTestExecutionListener, org.springframework.test.context.web.ServletTestExecutionListener, org.springframework.test.context.support.DirtiesContextBeforeModesTestExecutionListener, org.springframework.test.context.event.ApplicationEventsTestExecutionListener, org.springframework.test.context.support.DependencyInjectionTestExecutionListener, org.springframework.test.context.support.DirtiesContextTestExecutionListener, org.springframework.test.context.transaction.TransactionalTestExecutionListener, org.springframework.test.context.jdbc.SqlScriptsTestExecutionListener, org.springframework.test.context.event.EventPublishingTestExecutionListener]
08:11:04.427 [Test worker] DEBUG org.springframework.boot.test.context.SpringBootTestContextBootstrapper - Skipping candidate TestExecutionListener [org.springframework.test.context.transaction.TransactionalTestExecutionListener] due to a missing dependency. Specify custom listener classes or make the default listener classes and their required dependencies available. Offending class: [org/springframework/transaction/interceptor/TransactionAttributeSource]
08:11:04.427 [Test worker] DEBUG org.springframework.boot.test.context.SpringBootTestContextBootstrapper - Skipping candidate TestExecutionListener [org.springframework.test.context.jdbc.SqlScriptsTestExecutionListener] due to a missing dependency. Specify custom listener classes or make the default listener classes and their required dependencies available. Offending class: [org/springframework/transaction/interceptor/TransactionAttribute]
08:11:04.428 [Test worker] INFO org.springframework.boot.test.context.SpringBootTestContextBootstrapper - Using TestExecutionListeners: [org.springframework.test.context.web.ServletTestExecutionListener@6b775f62, org.springframework.test.context.support.DirtiesContextBeforeModesTestExecutionListener@3b414e68, org.springframework.test.context.event.ApplicationEventsTestExecutionListener@1c87754b, org.springframework.boot.test.mock.mockito.MockitoTestExecutionListener@575c6a32, org.springframework.boot.test.autoconfigure.SpringBootDependencyInjectionTestExecutionListener@601a3f4, org.springframework.test.context.support.DirtiesContextTestExecutionListener@37028f52, org.springframework.test.context.event.EventPublishingTestExecutionListener@100899d4, org.springframework.boot.test.autoconfigure.restdocs.RestDocsTestExecutionListener@24b17c1d, org.springframework.boot.test.autoconfigure.web.client.MockRestServiceServerResetTestExecutionListener@2f24657c, org.springframework.boot.test.autoconfigure.web.servlet.MockMvcPrintOnlyOnFailureTestExecutionListener@cff17d5, org.springframework.boot.test.autoconfigure.web.servlet.WebDriverTestExecutionListener@58ede9a7, org.springframework.boot.test.autoconfigure.webservices.client.MockWebServiceServerTestExecutionListener@77133733, org.springframework.boot.test.mock.mockito.ResetMocksTestExecutionListener@7b90b328]
08:11:04.432 [Test worker] DEBUG org.springframework.test.context.support.AbstractDirtiesContextTestExecutionListener - Before test class: context [DefaultTestContext@6c07e08f testClass = AppConfigTest, testInstance = [null], testMethod = [null], testException = [null], mergedContextConfiguration = [WebMergedContextConfiguration@3b0a9bde testClass = AppConfigTest, locations = '{}', classes = '{class com.meli.Application}', contextInitializerClasses = '[]', activeProfiles = '{}', propertySourceLocations = '{classpath:properties}', propertySourceProperties = '{org.springframework.boot.test.context.SpringBootTestContextBootstrapper=true}', contextCustomizers = set[org.springframework.boot.test.autoconfigure.actuate.metrics.MetricsExportContextCustomizerFactory$DisableMetricExportContextCustomizer@3bef2138, org.springframework.boot.test.autoconfigure.properties.PropertyMappingContextCustomizer@0, org.springframework.boot.test.autoconfigure.web.servlet.WebDriverContextCustomizerFactory$Customizer@79950629, org.springframework.boot.test.context.filter.ExcludeFilterContextCustomizer@1fb95a9, org.springframework.boot.test.json.DuplicateJsonObjectContextCustomizerFactory$DuplicateJsonObjectContextCustomizer@36e2bdc4, org.springframework.boot.test.mock.mockito.MockitoContextCustomizer@0, org.springframework.boot.test.web.client.TestRestTemplateContextCustomizer@433fc30, org.springframework.boot.test.context.SpringBootTestArgs@1, org.springframework.boot.test.context.SpringBootTestWebEnvironment@1f628f8d], resourceBasePath = 'src/main/webapp', contextLoader = 'org.springframework.boot.test.context.SpringBootContextLoader', parent = [null]], attributes = map['org.springframework.test.context.web.ServletTestExecutionListener.activateListener' -> true]], class annotated with @DirtiesContext [false] with mode [null].
08:11:04.501 [Test worker] DEBUG org.springframework.boot.ApplicationServletEnvironment - Activating profiles []
08:11:04.505 [Test worker] DEBUG org.springframework.test.context.support.TestPropertySourceUtils - Adding inlined properties to environment: {spring.jmx.enabled=false, org.springframework.boot.test.context.SpringBootTestContextBootstrapper=true}

  .   ____          _            __ _ _
 /\\ / ___'_ __ _ _(_)_ __  __ _ \ \ \ \
( ( )\___ | '_ | '_| | '_ \/ _` | \ \ \ \
 \\/  ___)| |_)| | | | | || (_| |  ) ) ) )
  '  |____| .__|_| |_|_| |_\__, | / / / /
 =========|_|==============|___/=/_/_/_/
 :: Spring Boot ::                (v2.6.1)

2024-06-25 08:11:05.009  INFO 24988 --- [    Test worker] com.meli.config.AppConfigTest            : Starting AppConfigTest using Java 13.0.14 on DESKTOP-UURGNPQ with PID 24988 (started by Teo in F:\Meli)
2024-06-25 08:11:05.010  INFO 24988 --- [    Test worker] com.meli.config.AppConfigTest            : No active profile set, falling back to default profiles: default
2024-06-25 08:11:06.807  INFO 24988 --- [    Test worker] com.meli.config.AppConfigTest            : Started AppConfigTest in 2.301 seconds (JVM running for 4.009)
]]></system-out>
  <system-err><![CDATA[[2024.06.25 08:11:04] (Coverage): Error during class instrumentation: org.springframework.boot.logging.log4j2.Log4J2LoggingSystem: java.lang.RuntimeException: java.io.IOException: Class org/apache/logging/log4j/core/config/composite/CompositeConfiguration not found
]]></system-err>
</testsuite>
