<?xml version="1.0" encoding="UTF-8"?>
<testsuite name="com.meli.model.PedidoTests" tests="6" skipped="0" failures="0" errors="0" timestamp="2024-06-26T14:04:26" hostname="DESKTOP-UURGNPQ" time="0.191">
  <properties/>
  <testcase name="testPedidoValido()" classname="com.meli.model.PedidoTests" time="0.135"/>
  <testcase name="testCorreoElectronicoNotNull()" classname="com.meli.model.PedidoTests" time="0.018"/>
  <testcase name="testLatitudNotNull()" classname="com.meli.model.PedidoTests" time="0.008"/>
  <testcase name="testGettersYSetters()" classname="com.meli.model.PedidoTests" time="0.011"/>
  <testcase name="testLongitudNotNull()" classname="com.meli.model.PedidoTests" time="0.008"/>
  <testcase name="testTodosLosCamposNulos()" classname="com.meli.model.PedidoTests" time="0.008"/>
  <system-out><![CDATA[2024-06-26 09:04:26.882  INFO 3556 --- [    Test worker] .b.t.c.SpringBootTestContextBootstrapper : Neither @ContextConfiguration nor @ContextHierarchy found for test class [com.meli.model.PedidoTests], using SpringBootContextLoader
2024-06-26 09:04:26.883  INFO 3556 --- [    Test worker] o.s.t.c.support.AbstractContextLoader    : Could not detect default resource locations for test class [com.meli.model.PedidoTests]: no resource found for suffixes {-context.xml, Context.groovy}.
2024-06-26 09:04:26.883  INFO 3556 --- [    Test worker] t.c.s.AnnotationConfigContextLoaderUtils : Could not detect default configuration classes for test class [com.meli.model.PedidoTests]: PedidoTests does not declare any static, non-private, non-final, nested classes annotated with @Configuration.
2024-06-26 09:04:26.887  INFO 3556 --- [    Test worker] .b.t.c.SpringBootTestContextBootstrapper : Found @SpringBootConfiguration com.meli.Application for test class com.meli.model.PedidoTests
2024-06-26 09:04:26.888  INFO 3556 --- [    Test worker] .b.t.c.SpringBootTestContextBootstrapper : Loaded default TestExecutionListener class names from location [META-INF/spring.factories]: [org.springframework.boot.test.autoconfigure.restdocs.RestDocsTestExecutionListener, org.springframework.boot.test.autoconfigure.web.client.MockRestServiceServerResetTestExecutionListener, org.springframework.boot.test.autoconfigure.web.servlet.MockMvcPrintOnlyOnFailureTestExecutionListener, org.springframework.boot.test.autoconfigure.web.servlet.WebDriverTestExecutionListener, org.springframework.boot.test.autoconfigure.webservices.client.MockWebServiceServerTestExecutionListener, org.springframework.boot.test.mock.mockito.MockitoTestExecutionListener, org.springframework.boot.test.mock.mockito.ResetMocksTestExecutionListener, org.springframework.test.context.web.ServletTestExecutionListener, org.springframework.test.context.support.DirtiesContextBeforeModesTestExecutionListener, org.springframework.test.context.event.ApplicationEventsTestExecutionListener, org.springframework.test.context.support.DependencyInjectionTestExecutionListener, org.springframework.test.context.support.DirtiesContextTestExecutionListener, org.springframework.test.context.transaction.TransactionalTestExecutionListener, org.springframework.test.context.jdbc.SqlScriptsTestExecutionListener, org.springframework.test.context.event.EventPublishingTestExecutionListener]
2024-06-26 09:04:26.889  INFO 3556 --- [    Test worker] .b.t.c.SpringBootTestContextBootstrapper : Using TestExecutionListeners: [org.springframework.test.context.web.ServletTestExecutionListener@3f85903b, org.springframework.test.context.support.DirtiesContextBeforeModesTestExecutionListener@3926f9c1, org.springframework.test.context.event.ApplicationEventsTestExecutionListener@2ee4fe06, org.springframework.boot.test.mock.mockito.MockitoTestExecutionListener@520eebae, org.springframework.boot.test.autoconfigure.SpringBootDependencyInjectionTestExecutionListener@4199bd9c, org.springframework.test.context.support.DirtiesContextTestExecutionListener@4f7fac9f, org.springframework.test.context.event.EventPublishingTestExecutionListener@46627fb8, org.springframework.boot.test.autoconfigure.restdocs.RestDocsTestExecutionListener@6394bf41, org.springframework.boot.test.autoconfigure.web.client.MockRestServiceServerResetTestExecutionListener@6f6d8bf2, org.springframework.boot.test.autoconfigure.web.servlet.MockMvcPrintOnlyOnFailureTestExecutionListener@5dc4c9d4, org.springframework.boot.test.autoconfigure.web.servlet.WebDriverTestExecutionListener@80ef26b, org.springframework.boot.test.autoconfigure.webservices.client.MockWebServiceServerTestExecutionListener@4e263a9c, org.springframework.boot.test.mock.mockito.ResetMocksTestExecutionListener@4d170ab1]
]]></system-out>
  <system-err><![CDATA[]]></system-err>
</testsuite>
