<?xml version="1.0" encoding="UTF-8"?>
<testsuite name="com.meli.controller.RespuestaGuardadaControllerTest" tests="1" skipped="0" failures="0" errors="0" timestamp="2024-06-26T15:24:35" hostname="DESKTOP-UURGNPQ" time="0.92">
  <properties/>
  <testcase name="testObtenerRespuestasGuardadas()" classname="com.meli.controller.RespuestaGuardadaControllerTest" time="0.92"/>
  <system-out><![CDATA[]]></system-out>
  <system-err><![CDATA[]]></system-err>
</testsuite>
