<?xml version="1.0" encoding="UTF-8"?>
<testsuite name="com.meli.util.CodigosPronosticoUtilTest" tests="3" skipped="0" failures="0" errors="0" timestamp="2024-06-26T14:04:27" hostname="DESKTOP-UURGNPQ" time="0.007">
  <properties/>
  <testcase name="contieneCodigo_DeberiaRetornarFalse_CuandoCodigoNoExisteEnLista()" classname="com.meli.util.CodigosPronosticoUtilTest" time="0.001"/>
  <testcase name="contieneCodigo_DeberiaRetornarTrue_CuandoCodigoExisteEnLista()" classname="com.meli.util.CodigosPronosticoUtilTest" time="0.004"/>
  <testcase name="codigosPronostico_DeberiaTenerCuatroElementos()" classname="com.meli.util.CodigosPronosticoUtilTest" time="0.001"/>
  <system-out><![CDATA[codigoPronsotico util
1234
codigoPronsotico util
1189
]]></system-out>
  <system-err><![CDATA[]]></system-err>
</testsuite>
