<?xml version="1.0" encoding="UTF-8"?>
<testsuite name="com.meli.controller.ApiControllerTest" tests="1" skipped="0" failures="0" errors="0" timestamp="2024-06-26T14:04:26" hostname="DESKTOP-UURGNPQ" time="0.08">
  <properties/>
  <testcase name="testHelloEndpoint()" classname="com.meli.controller.ApiControllerTest" time="0.08"/>
  <system-out><![CDATA[2024-06-26 09:04:26.361  INFO 3556 --- [    Test worker] .b.t.c.SpringBootTestContextBootstrapper : Neither @ContextConfiguration nor @ContextHierarchy found for test class [com.meli.controller.ApiControllerTest], using SpringBootContextLoader
2024-06-26 09:04:26.362  INFO 3556 --- [    Test worker] o.s.t.c.support.AbstractContextLoader    : Could not detect default resource locations for test class [com.meli.controller.ApiControllerTest]: no resource found for suffixes {-context.xml, Context.groovy}.
2024-06-26 09:04:26.362  INFO 3556 --- [    Test worker] t.c.s.AnnotationConfigContextLoaderUtils : Could not detect default configuration classes for test class [com.meli.controller.ApiControllerTest]: ApiControllerTest does not declare any static, non-private, non-final, nested classes annotated with @Configuration.
2024-06-26 09:04:26.370  INFO 3556 --- [    Test worker] .b.t.c.SpringBootTestContextBootstrapper : Found @SpringBootConfiguration com.meli.Application for test class com.meli.controller.ApiControllerTest
2024-06-26 09:04:26.372  INFO 3556 --- [    Test worker] .b.t.c.SpringBootTestContextBootstrapper : Loaded default TestExecutionListener class names from location [META-INF/spring.factories]: [org.springframework.boot.test.autoconfigure.restdocs.RestDocsTestExecutionListener, org.springframework.boot.test.autoconfigure.web.client.MockRestServiceServerResetTestExecutionListener, org.springframework.boot.test.autoconfigure.web.servlet.MockMvcPrintOnlyOnFailureTestExecutionListener, org.springframework.boot.test.autoconfigure.web.servlet.WebDriverTestExecutionListener, org.springframework.boot.test.autoconfigure.webservices.client.MockWebServiceServerTestExecutionListener, org.springframework.boot.test.mock.mockito.MockitoTestExecutionListener, org.springframework.boot.test.mock.mockito.ResetMocksTestExecutionListener, org.springframework.test.context.web.ServletTestExecutionListener, org.springframework.test.context.support.DirtiesContextBeforeModesTestExecutionListener, org.springframework.test.context.event.ApplicationEventsTestExecutionListener, org.springframework.test.context.support.DependencyInjectionTestExecutionListener, org.springframework.test.context.support.DirtiesContextTestExecutionListener, org.springframework.test.context.transaction.TransactionalTestExecutionListener, org.springframework.test.context.jdbc.SqlScriptsTestExecutionListener, org.springframework.test.context.event.EventPublishingTestExecutionListener]
2024-06-26 09:04:26.373  INFO 3556 --- [    Test worker] .b.t.c.SpringBootTestContextBootstrapper : Using TestExecutionListeners: [org.springframework.test.context.web.ServletTestExecutionListener@72f290a7, org.springframework.test.context.support.DirtiesContextBeforeModesTestExecutionListener@28d82617, org.springframework.test.context.event.ApplicationEventsTestExecutionListener@b96699, org.springframework.boot.test.mock.mockito.MockitoTestExecutionListener@5b22e3a2, org.springframework.boot.test.autoconfigure.SpringBootDependencyInjectionTestExecutionListener@3db337c9, org.springframework.test.context.support.DirtiesContextTestExecutionListener@54b256f6, org.springframework.test.context.event.EventPublishingTestExecutionListener@1ff47f57, org.springframework.boot.test.autoconfigure.restdocs.RestDocsTestExecutionListener@5387a0f8, org.springframework.boot.test.autoconfigure.web.client.MockRestServiceServerResetTestExecutionListener@77aec83e, org.springframework.boot.test.autoconfigure.web.servlet.MockMvcPrintOnlyOnFailureTestExecutionListener@316d35db, org.springframework.boot.test.autoconfigure.web.servlet.WebDriverTestExecutionListener@d5ffa66, org.springframework.boot.test.autoconfigure.webservices.client.MockWebServiceServerTestExecutionListener@63311b55, org.springframework.boot.test.mock.mockito.ResetMocksTestExecutionListener@625fd035]

  .   ____          _            __ _ _
 /\\ / ___'_ __ _ _(_)_ __  __ _ \ \ \ \
( ( )\___ | '_ | '_| | '_ \/ _` | \ \ \ \
 \\/  ___)| |_)| | | | | || (_| |  ) ) ) )
  '  |____| .__|_| |_|_| |_\__, | / / / /
 =========|_|==============|___/=/_/_/_/
 :: Spring Boot ::                (v2.6.1)

2024-06-26 09:04:26.396  INFO 3556 --- [    Test worker] com.meli.controller.ApiControllerTest    : Starting ApiControllerTest using Java 13.0.14 on DESKTOP-UURGNPQ with PID 3556 (started by Teo in F:\Meli)
2024-06-26 09:04:26.396  INFO 3556 --- [    Test worker] com.meli.controller.ApiControllerTest    : No active profile set, falling back to default profiles: default
2024-06-26 09:04:26.771  INFO 3556 --- [    Test worker] o.s.b.t.m.w.SpringBootMockServletContext : Initializing Spring TestDispatcherServlet ''
2024-06-26 09:04:26.771  INFO 3556 --- [    Test worker] o.s.t.web.servlet.TestDispatcherServlet  : Initializing Servlet ''
2024-06-26 09:04:26.774  INFO 3556 --- [    Test worker] o.s.t.web.servlet.TestDispatcherServlet  : Completed initialization in 1 ms
2024-06-26 09:04:26.781  INFO 3556 --- [    Test worker] com.meli.controller.ApiControllerTest    : Started ApiControllerTest in 0.406 seconds (JVM running for 5.77)

MockHttpServletRequest:
      HTTP Method = GET
      Request URI = /api/hello
       Parameters = {}
          Headers = []
             Body = null
    Session Attrs = {}

Handler:
             Type = com.meli.controller.ApiController
           Method = com.meli.controller.ApiController#hello()

Async:
    Async started = false
     Async result = null

Resolved Exception:
             Type = null

ModelAndView:
        View name = null
             View = null
            Model = null

FlashMap:
       Attributes = null

MockHttpServletResponse:
           Status = 200
    Error message = null
          Headers = [Content-Type:"text/plain;charset=UTF-8", Content-Length:"23"]
     Content type = text/plain;charset=UTF-8
             Body = Hello from Spring Boot!
    Forwarded URL = null
   Redirected URL = null
          Cookies = []
]]></system-out>
  <system-err><![CDATA[]]></system-err>
</testsuite>
