<?xml version="1.0" encoding="UTF-8"?>
<testsuite name="com.meli.util.CodigosPronosticoUtilTest" tests="3" skipped="0" failures="0" errors="0" timestamp="2024-06-25T12:29:01" hostname="DESKTOP-UURGNPQ" time="0.033">
  <properties/>
  <testcase name="contieneCodigo_DeberiaRetornarFalse_CuandoCodigoNoExisteEnLista()" classname="com.meli.util.CodigosPronosticoUtilTest" time="0.028"/>
  <testcase name="contieneCodigo_DeberiaRetornarTrue_CuandoCodigoExisteEnLista()" classname="com.meli.util.CodigosPronosticoUtilTest" time="0.002"/>
  <testcase name="codigosPronostico_DeberiaTenerCuatroElementos()" classname="com.meli.util.CodigosPronosticoUtilTest" time="0.002"/>
  <system-out><![CDATA[codigoPronsotico util
1234
codigoPronsotico util
1189
]]></system-out>
  <system-err><![CDATA[]]></system-err>
</testsuite>
