<?xml version="1.0" encoding="UTF-8"?>
<testsuite name="com.meli.config.AppConfigTest" tests="2" skipped="0" failures="0" errors="0" timestamp="2024-06-26T14:04:26" hostname="DESKTOP-UURGNPQ" time="0.048">
  <properties/>
  <testcase name="testGetEmailUsername()" classname="com.meli.config.AppConfigTest" time="0.044"/>
  <testcase name="testGetEmailPassword()" classname="com.meli.config.AppConfigTest" time="0.003"/>
  <system-out><![CDATA[2024-06-26 09:04:25.894  INFO 3556 --- [    Test worker] .b.t.c.SpringBootTestContextBootstrapper : Neither @ContextConfiguration nor @ContextHierarchy found for test class [com.meli.config.AppConfigTest], using SpringBootContextLoader
2024-06-26 09:04:25.895  INFO 3556 --- [    Test worker] o.s.t.c.support.AbstractContextLoader    : Could not detect default resource locations for test class [com.meli.config.AppConfigTest]: no resource found for suffixes {-context.xml, Context.groovy}.
2024-06-26 09:04:25.895  INFO 3556 --- [    Test worker] t.c.s.AnnotationConfigContextLoaderUtils : Could not detect default configuration classes for test class [com.meli.config.AppConfigTest]: AppConfigTest does not declare any static, non-private, non-final, nested classes annotated with @Configuration.
2024-06-26 09:04:25.901  INFO 3556 --- [    Test worker] .b.t.c.SpringBootTestContextBootstrapper : Found @SpringBootConfiguration com.meli.Application for test class com.meli.config.AppConfigTest
2024-06-26 09:04:25.903  INFO 3556 --- [    Test worker] .b.t.c.SpringBootTestContextBootstrapper : Loaded default TestExecutionListener class names from location [META-INF/spring.factories]: [org.springframework.boot.test.autoconfigure.restdocs.RestDocsTestExecutionListener, org.springframework.boot.test.autoconfigure.web.client.MockRestServiceServerResetTestExecutionListener, org.springframework.boot.test.autoconfigure.web.servlet.MockMvcPrintOnlyOnFailureTestExecutionListener, org.springframework.boot.test.autoconfigure.web.servlet.WebDriverTestExecutionListener, org.springframework.boot.test.autoconfigure.webservices.client.MockWebServiceServerTestExecutionListener, org.springframework.boot.test.mock.mockito.MockitoTestExecutionListener, org.springframework.boot.test.mock.mockito.ResetMocksTestExecutionListener, org.springframework.test.context.web.ServletTestExecutionListener, org.springframework.test.context.support.DirtiesContextBeforeModesTestExecutionListener, org.springframework.test.context.event.ApplicationEventsTestExecutionListener, org.springframework.test.context.support.DependencyInjectionTestExecutionListener, org.springframework.test.context.support.DirtiesContextTestExecutionListener, org.springframework.test.context.transaction.TransactionalTestExecutionListener, org.springframework.test.context.jdbc.SqlScriptsTestExecutionListener, org.springframework.test.context.event.EventPublishingTestExecutionListener]
2024-06-26 09:04:25.903  INFO 3556 --- [    Test worker] .b.t.c.SpringBootTestContextBootstrapper : Using TestExecutionListeners: [org.springframework.test.context.web.ServletTestExecutionListener@206373a9, org.springframework.test.context.support.DirtiesContextBeforeModesTestExecutionListener@2fe20541, org.springframework.test.context.event.ApplicationEventsTestExecutionListener@312b099c, org.springframework.boot.test.mock.mockito.MockitoTestExecutionListener@1072659f, org.springframework.boot.test.autoconfigure.SpringBootDependencyInjectionTestExecutionListener@2bb7a203, org.springframework.test.context.support.DirtiesContextTestExecutionListener@14c06239, org.springframework.test.context.event.EventPublishingTestExecutionListener@7dcefed4, org.springframework.boot.test.autoconfigure.restdocs.RestDocsTestExecutionListener@7e13226f, org.springframework.boot.test.autoconfigure.web.client.MockRestServiceServerResetTestExecutionListener@68223014, org.springframework.boot.test.autoconfigure.web.servlet.MockMvcPrintOnlyOnFailureTestExecutionListener@7f645683, org.springframework.boot.test.autoconfigure.web.servlet.WebDriverTestExecutionListener@75d63fe5, org.springframework.boot.test.autoconfigure.webservices.client.MockWebServiceServerTestExecutionListener@12317b6a, org.springframework.boot.test.mock.mockito.ResetMocksTestExecutionListener@6b6a4ba8]

  .   ____          _            __ _ _
 /\\ / ___'_ __ _ _(_)_ __  __ _ \ \ \ \
( ( )\___ | '_ | '_| | '_ \/ _` | \ \ \ \
 \\/  ___)| |_)| | | | | || (_| |  ) ) ) )
  '  |____| .__|_| |_|_| |_\__, | / / / /
 =========|_|==============|___/=/_/_/_/
 :: Spring Boot ::                (v2.6.1)

2024-06-26 09:04:25.927  INFO 3556 --- [    Test worker] com.meli.config.AppConfigTest            : Starting AppConfigTest using Java 13.0.14 on DESKTOP-UURGNPQ with PID 3556 (started by Teo in F:\Meli)
2024-06-26 09:04:25.928  INFO 3556 --- [    Test worker] com.meli.config.AppConfigTest            : No active profile set, falling back to default profiles: default
2024-06-26 09:04:26.304  INFO 3556 --- [    Test worker] com.meli.config.AppConfigTest            : Started AppConfigTest in 0.394 seconds (JVM running for 5.293)
]]></system-out>
  <system-err><![CDATA[]]></system-err>
</testsuite>
