<?xml version="1.0" encoding="UTF-8"?>
<testsuite name="com.meli.model.PedidoTests" tests="6" skipped="0" failures="0" errors="0" timestamp="2024-06-24T22:03:48" hostname="DESKTOP-UURGNPQ" time="0.484">
  <properties/>
  <testcase name="testPedidoValido()" classname="com.meli.model.PedidoTests" time="0.436"/>
  <testcase name="testCorreoElectronicoNotNull()" classname="com.meli.model.PedidoTests" time="0.013"/>
  <testcase name="testLatitudNotNull()" classname="com.meli.model.PedidoTests" time="0.008"/>
  <testcase name="testGettersYSetters()" classname="com.meli.model.PedidoTests" time="0.007"/>
  <testcase name="testLongitudNotNull()" classname="com.meli.model.PedidoTests" time="0.009"/>
  <testcase name="testTodosLosCamposNulos()" classname="com.meli.model.PedidoTests" time="0.008"/>
  <system-out><![CDATA[17:03:47.371 [Test worker] DEBUG org.springframework.test.context.BootstrapUtils - Instantiating CacheAwareContextLoaderDelegate from class [org.springframework.test.context.cache.DefaultCacheAwareContextLoaderDelegate]
17:03:47.379 [Test worker] DEBUG org.springframework.test.context.BootstrapUtils - Instantiating BootstrapContext using constructor [public org.springframework.test.context.support.DefaultBootstrapContext(java.lang.Class,org.springframework.test.context.CacheAwareContextLoaderDelegate)]
17:03:47.403 [Test worker] DEBUG org.springframework.test.context.BootstrapUtils - Instantiating TestContextBootstrapper for test class [com.meli.model.PedidoTests] from class [org.springframework.boot.test.context.SpringBootTestContextBootstrapper]
17:03:47.411 [Test worker] INFO org.springframework.boot.test.context.SpringBootTestContextBootstrapper - Neither @ContextConfiguration nor @ContextHierarchy found for test class [com.meli.model.PedidoTests], using SpringBootContextLoader
17:03:47.414 [Test worker] DEBUG org.springframework.test.context.support.AbstractContextLoader - Did not detect default resource location for test class [com.meli.model.PedidoTests]: class path resource [com/meli/model/PedidoTests-context.xml] does not exist
17:03:47.414 [Test worker] DEBUG org.springframework.test.context.support.AbstractContextLoader - Did not detect default resource location for test class [com.meli.model.PedidoTests]: class path resource [com/meli/model/PedidoTestsContext.groovy] does not exist
17:03:47.414 [Test worker] INFO org.springframework.test.context.support.AbstractContextLoader - Could not detect default resource locations for test class [com.meli.model.PedidoTests]: no resource found for suffixes {-context.xml, Context.groovy}.
17:03:47.415 [Test worker] INFO org.springframework.test.context.support.AnnotationConfigContextLoaderUtils - Could not detect default configuration classes for test class [com.meli.model.PedidoTests]: PedidoTests does not declare any static, non-private, non-final, nested classes annotated with @Configuration.
17:03:47.442 [Test worker] DEBUG org.springframework.test.context.support.ActiveProfilesUtils - Could not find an 'annotation declaring class' for annotation type [org.springframework.test.context.ActiveProfiles] and class [com.meli.model.PedidoTests]
17:03:47.482 [Test worker] DEBUG org.springframework.context.annotation.ClassPathScanningCandidateComponentProvider - Identified candidate component class: file [F:\Meli\build\classes\java\main\com\meli\Application.class]
17:03:47.483 [Test worker] INFO org.springframework.boot.test.context.SpringBootTestContextBootstrapper - Found @SpringBootConfiguration com.meli.Application for test class com.meli.model.PedidoTests
17:03:47.548 [Test worker] DEBUG org.springframework.boot.test.context.SpringBootTestContextBootstrapper - @TestExecutionListeners is not present for class [com.meli.model.PedidoTests]: using defaults.
17:03:47.548 [Test worker] INFO org.springframework.boot.test.context.SpringBootTestContextBootstrapper - Loaded default TestExecutionListener class names from location [META-INF/spring.factories]: [org.springframework.boot.test.autoconfigure.restdocs.RestDocsTestExecutionListener, org.springframework.boot.test.autoconfigure.web.client.MockRestServiceServerResetTestExecutionListener, org.springframework.boot.test.autoconfigure.web.servlet.MockMvcPrintOnlyOnFailureTestExecutionListener, org.springframework.boot.test.autoconfigure.web.servlet.WebDriverTestExecutionListener, org.springframework.boot.test.autoconfigure.webservices.client.MockWebServiceServerTestExecutionListener, org.springframework.boot.test.mock.mockito.MockitoTestExecutionListener, org.springframework.boot.test.mock.mockito.ResetMocksTestExecutionListener, org.springframework.test.context.web.ServletTestExecutionListener, org.springframework.test.context.support.DirtiesContextBeforeModesTestExecutionListener, org.springframework.test.context.event.ApplicationEventsTestExecutionListener, org.springframework.test.context.support.DependencyInjectionTestExecutionListener, org.springframework.test.context.support.DirtiesContextTestExecutionListener, org.springframework.test.context.transaction.TransactionalTestExecutionListener, org.springframework.test.context.jdbc.SqlScriptsTestExecutionListener, org.springframework.test.context.event.EventPublishingTestExecutionListener]
17:03:47.556 [Test worker] DEBUG org.springframework.boot.test.context.SpringBootTestContextBootstrapper - Skipping candidate TestExecutionListener [org.springframework.test.context.transaction.TransactionalTestExecutionListener] due to a missing dependency. Specify custom listener classes or make the default listener classes and their required dependencies available. Offending class: [org/springframework/transaction/interceptor/TransactionAttributeSource]
17:03:47.556 [Test worker] DEBUG org.springframework.boot.test.context.SpringBootTestContextBootstrapper - Skipping candidate TestExecutionListener [org.springframework.test.context.jdbc.SqlScriptsTestExecutionListener] due to a missing dependency. Specify custom listener classes or make the default listener classes and their required dependencies available. Offending class: [org/springframework/transaction/interceptor/TransactionAttribute]
17:03:47.557 [Test worker] INFO org.springframework.boot.test.context.SpringBootTestContextBootstrapper - Using TestExecutionListeners: [org.springframework.test.context.web.ServletTestExecutionListener@213f0164, org.springframework.test.context.support.DirtiesContextBeforeModesTestExecutionListener@30f19b09, org.springframework.test.context.event.ApplicationEventsTestExecutionListener@1f3504c0, org.springframework.boot.test.mock.mockito.MockitoTestExecutionListener@2abfa607, org.springframework.boot.test.autoconfigure.SpringBootDependencyInjectionTestExecutionListener@7352a615, org.springframework.test.context.support.DirtiesContextTestExecutionListener@4f4752a5, org.springframework.test.context.event.EventPublishingTestExecutionListener@78634c89, org.springframework.boot.test.autoconfigure.restdocs.RestDocsTestExecutionListener@2fbb521c, org.springframework.boot.test.autoconfigure.web.client.MockRestServiceServerResetTestExecutionListener@493f3bf0, org.springframework.boot.test.autoconfigure.web.servlet.MockMvcPrintOnlyOnFailureTestExecutionListener@3c988a08, org.springframework.boot.test.autoconfigure.web.servlet.WebDriverTestExecutionListener@5efd9e16, org.springframework.boot.test.autoconfigure.webservices.client.MockWebServiceServerTestExecutionListener@2b231c67, org.springframework.boot.test.mock.mockito.ResetMocksTestExecutionListener@1bf34248]
17:03:47.559 [Test worker] DEBUG org.springframework.test.context.support.AbstractDirtiesContextTestExecutionListener - Before test class: context [DefaultTestContext@13030df5 testClass = PedidoTests, testInstance = [null], testMethod = [null], testException = [null], mergedContextConfiguration = [WebMergedContextConfiguration@6f75ab1b testClass = PedidoTests, locations = '{}', classes = '{class com.meli.Application}', contextInitializerClasses = '[]', activeProfiles = '{}', propertySourceLocations = '{}', propertySourceProperties = '{org.springframework.boot.test.context.SpringBootTestContextBootstrapper=true}', contextCustomizers = set[org.springframework.boot.test.autoconfigure.actuate.metrics.MetricsExportContextCustomizerFactory$DisableMetricExportContextCustomizer@1054053, org.springframework.boot.test.autoconfigure.properties.PropertyMappingContextCustomizer@0, org.springframework.boot.test.autoconfigure.web.servlet.WebDriverContextCustomizerFactory$Customizer@6e99fc4c, org.springframework.boot.test.context.filter.ExcludeFilterContextCustomizer@f1be7d, org.springframework.boot.test.json.DuplicateJsonObjectContextCustomizerFactory$DuplicateJsonObjectContextCustomizer@56ad945e, org.springframework.boot.test.mock.mockito.MockitoContextCustomizer@0, org.springframework.boot.test.web.client.TestRestTemplateContextCustomizer@4c8729c1, org.springframework.boot.test.context.SpringBootTestArgs@1, org.springframework.boot.test.context.SpringBootTestWebEnvironment@2f1be90c], resourceBasePath = 'src/main/webapp', contextLoader = 'org.springframework.boot.test.context.SpringBootContextLoader', parent = [null]], attributes = map['org.springframework.test.context.web.ServletTestExecutionListener.activateListener' -> true]], class annotated with @DirtiesContext [false] with mode [null].
17:03:47.596 [Test worker] DEBUG org.springframework.boot.ApplicationServletEnvironment - Activating profiles []
17:03:47.597 [Test worker] DEBUG org.springframework.test.context.support.TestPropertySourceUtils - Adding inlined properties to environment: {spring.jmx.enabled=false, org.springframework.boot.test.context.SpringBootTestContextBootstrapper=true}

  .   ____          _            __ _ _
 /\\ / ___'_ __ _ _(_)_ __  __ _ \ \ \ \
( ( )\___ | '_ | '_| | '_ \/ _` | \ \ \ \
 \\/  ___)| |_)| | | | | || (_| |  ) ) ) )
  '  |____| .__|_| |_|_| |_\__, | / / / /
 =========|_|==============|___/=/_/_/_/
 :: Spring Boot ::                (v2.6.1)

2024-06-24 17:03:47.765  INFO 8808 --- [    Test worker] com.meli.model.PedidoTests               : Starting PedidoTests using Java 13.0.14 on DESKTOP-UURGNPQ with PID 8808 (started by Teo in F:\Meli)
2024-06-24 17:03:47.766  INFO 8808 --- [    Test worker] com.meli.model.PedidoTests               : No active profile set, falling back to default profiles: default
2024-06-24 17:03:48.922  INFO 8808 --- [    Test worker] com.meli.model.PedidoTests               : Started PedidoTests in 1.323 seconds (JVM running for 2.189)
]]></system-out>
  <system-err><![CDATA[]]></system-err>
</testsuite>
