<?xml version="1.0" encoding="UTF-8"?>
<testsuite name="com.meli.config.AppConfigTest" tests="2" skipped="0" failures="0" errors="0" timestamp="2024-06-25T13:12:13" hostname="DESKTOP-UURGNPQ" time="0.008">
  <properties/>
  <testcase name="testGetEmailUsername()" classname="com.meli.config.AppConfigTest" time="0.005"/>
  <testcase name="testGetEmailPassword()" classname="com.meli.config.AppConfigTest" time="0.003"/>
  <system-out><![CDATA[2024-06-25 08:12:13.476  INFO 11012 --- [    Test worker] .b.t.c.SpringBootTestContextBootstrapper : Neither @ContextConfiguration nor @ContextHierarchy found for test class [com.meli.config.AppConfigTest], using SpringBootContextLoader
2024-06-25 08:12:13.477  INFO 11012 --- [    Test worker] o.s.t.c.support.AbstractContextLoader    : Could not detect default resource locations for test class [com.meli.config.AppConfigTest]: no resource found for suffixes {-context.xml, Context.groovy}.
2024-06-25 08:12:13.477  INFO 11012 --- [    Test worker] t.c.s.AnnotationConfigContextLoaderUtils : Could not detect default configuration classes for test class [com.meli.config.AppConfigTest]: AppConfigTest does not declare any static, non-private, non-final, nested classes annotated with @Configuration.
2024-06-25 08:12:13.482  INFO 11012 --- [    Test worker] .b.t.c.SpringBootTestContextBootstrapper : Found @SpringBootConfiguration com.meli.Application for test class com.meli.config.AppConfigTest
2024-06-25 08:12:13.486  INFO 11012 --- [    Test worker] .b.t.c.SpringBootTestContextBootstrapper : Loaded default TestExecutionListener class names from location [META-INF/spring.factories]: [org.springframework.boot.test.autoconfigure.restdocs.RestDocsTestExecutionListener, org.springframework.boot.test.autoconfigure.web.client.MockRestServiceServerResetTestExecutionListener, org.springframework.boot.test.autoconfigure.web.servlet.MockMvcPrintOnlyOnFailureTestExecutionListener, org.springframework.boot.test.autoconfigure.web.servlet.WebDriverTestExecutionListener, org.springframework.boot.test.autoconfigure.webservices.client.MockWebServiceServerTestExecutionListener, org.springframework.boot.test.mock.mockito.MockitoTestExecutionListener, org.springframework.boot.test.mock.mockito.ResetMocksTestExecutionListener, org.springframework.test.context.web.ServletTestExecutionListener, org.springframework.test.context.support.DirtiesContextBeforeModesTestExecutionListener, org.springframework.test.context.event.ApplicationEventsTestExecutionListener, org.springframework.test.context.support.DependencyInjectionTestExecutionListener, org.springframework.test.context.support.DirtiesContextTestExecutionListener, org.springframework.test.context.transaction.TransactionalTestExecutionListener, org.springframework.test.context.jdbc.SqlScriptsTestExecutionListener, org.springframework.test.context.event.EventPublishingTestExecutionListener]
2024-06-25 08:12:13.488  INFO 11012 --- [    Test worker] .b.t.c.SpringBootTestContextBootstrapper : Using TestExecutionListeners: [org.springframework.test.context.web.ServletTestExecutionListener@206308bf, org.springframework.test.context.support.DirtiesContextBeforeModesTestExecutionListener@44221af, org.springframework.test.context.event.ApplicationEventsTestExecutionListener@80d5230, org.springframework.boot.test.mock.mockito.MockitoTestExecutionListener@62634314, org.springframework.boot.test.autoconfigure.SpringBootDependencyInjectionTestExecutionListener@5afd8917, org.springframework.test.context.support.DirtiesContextTestExecutionListener@4f2794be, org.springframework.test.context.event.EventPublishingTestExecutionListener@2dd9c3b8, org.springframework.boot.test.autoconfigure.restdocs.RestDocsTestExecutionListener@555a4ef4, org.springframework.boot.test.autoconfigure.web.client.MockRestServiceServerResetTestExecutionListener@6359c079, org.springframework.boot.test.autoconfigure.web.servlet.MockMvcPrintOnlyOnFailureTestExecutionListener@10283ac8, org.springframework.boot.test.autoconfigure.web.servlet.WebDriverTestExecutionListener@738fff76, org.springframework.boot.test.autoconfigure.webservices.client.MockWebServiceServerTestExecutionListener@7425321d, org.springframework.boot.test.mock.mockito.ResetMocksTestExecutionListener@59527ee8]

  .   ____          _            __ _ _
 /\\ / ___'_ __ _ _(_)_ __  __ _ \ \ \ \
( ( )\___ | '_ | '_| | '_ \/ _` | \ \ \ \
 \\/  ___)| |_)| | | | | || (_| |  ) ) ) )
  '  |____| .__|_| |_|_| |_\__, | / / / /
 =========|_|==============|___/=/_/_/_/
 :: Spring Boot ::                (v2.6.1)

2024-06-25 08:12:13.510  INFO 11012 --- [    Test worker] com.meli.config.AppConfigTest            : Starting AppConfigTest using Java 13.0.14 on DESKTOP-UURGNPQ with PID 11012 (started by Teo in F:\Meli)
2024-06-25 08:12:13.511  INFO 11012 --- [    Test worker] com.meli.config.AppConfigTest            : No active profile set, falling back to default profiles: default
2024-06-25 08:12:13.973  INFO 11012 --- [    Test worker] com.meli.config.AppConfigTest            : Started AppConfigTest in 0.48 seconds (JVM running for 5.591)
]]></system-out>
  <system-err><![CDATA[]]></system-err>
</testsuite>
