<?xml version="1.0" encoding="UTF-8"?>
<testsuite name="com.meli.model.PedidoTests" tests="6" skipped="0" failures="0" errors="0" timestamp="2024-06-25T13:12:14" hostname="DESKTOP-UURGNPQ" time="0.279">
  <properties/>
  <testcase name="testPedidoValido()" classname="com.meli.model.PedidoTests" time="0.223"/>
  <testcase name="testCorreoElectronicoNotNull()" classname="com.meli.model.PedidoTests" time="0.016"/>
  <testcase name="testLatitudNotNull()" classname="com.meli.model.PedidoTests" time="0.007"/>
  <testcase name="testGettersYSetters()" classname="com.meli.model.PedidoTests" time="0.009"/>
  <testcase name="testLongitudNotNull()" classname="com.meli.model.PedidoTests" time="0.009"/>
  <testcase name="testTodosLosCamposNulos()" classname="com.meli.model.PedidoTests" time="0.011"/>
  <system-out><![CDATA[2024-06-25 08:12:14.569  INFO 11012 --- [    Test worker] .b.t.c.SpringBootTestContextBootstrapper : Neither @ContextConfiguration nor @ContextHierarchy found for test class [com.meli.model.PedidoTests], using SpringBootContextLoader
2024-06-25 08:12:14.570  INFO 11012 --- [    Test worker] o.s.t.c.support.AbstractContextLoader    : Could not detect default resource locations for test class [com.meli.model.PedidoTests]: no resource found for suffixes {-context.xml, Context.groovy}.
2024-06-25 08:12:14.571  INFO 11012 --- [    Test worker] t.c.s.AnnotationConfigContextLoaderUtils : Could not detect default configuration classes for test class [com.meli.model.PedidoTests]: PedidoTests does not declare any static, non-private, non-final, nested classes annotated with @Configuration.
2024-06-25 08:12:14.574  INFO 11012 --- [    Test worker] .b.t.c.SpringBootTestContextBootstrapper : Found @SpringBootConfiguration com.meli.Application for test class com.meli.model.PedidoTests
2024-06-25 08:12:14.577  INFO 11012 --- [    Test worker] .b.t.c.SpringBootTestContextBootstrapper : Loaded default TestExecutionListener class names from location [META-INF/spring.factories]: [org.springframework.boot.test.autoconfigure.restdocs.RestDocsTestExecutionListener, org.springframework.boot.test.autoconfigure.web.client.MockRestServiceServerResetTestExecutionListener, org.springframework.boot.test.autoconfigure.web.servlet.MockMvcPrintOnlyOnFailureTestExecutionListener, org.springframework.boot.test.autoconfigure.web.servlet.WebDriverTestExecutionListener, org.springframework.boot.test.autoconfigure.webservices.client.MockWebServiceServerTestExecutionListener, org.springframework.boot.test.mock.mockito.MockitoTestExecutionListener, org.springframework.boot.test.mock.mockito.ResetMocksTestExecutionListener, org.springframework.test.context.web.ServletTestExecutionListener, org.springframework.test.context.support.DirtiesContextBeforeModesTestExecutionListener, org.springframework.test.context.event.ApplicationEventsTestExecutionListener, org.springframework.test.context.support.DependencyInjectionTestExecutionListener, org.springframework.test.context.support.DirtiesContextTestExecutionListener, org.springframework.test.context.transaction.TransactionalTestExecutionListener, org.springframework.test.context.jdbc.SqlScriptsTestExecutionListener, org.springframework.test.context.event.EventPublishingTestExecutionListener]
2024-06-25 08:12:14.578  INFO 11012 --- [    Test worker] .b.t.c.SpringBootTestContextBootstrapper : Using TestExecutionListeners: [org.springframework.test.context.web.ServletTestExecutionListener@15d51269, org.springframework.test.context.support.DirtiesContextBeforeModesTestExecutionListener@63148299, org.springframework.test.context.event.ApplicationEventsTestExecutionListener@5f5fdaa9, org.springframework.boot.test.mock.mockito.MockitoTestExecutionListener@16471f3a, org.springframework.boot.test.autoconfigure.SpringBootDependencyInjectionTestExecutionListener@2bbc01c1, org.springframework.test.context.support.DirtiesContextTestExecutionListener@6c7b5e65, org.springframework.test.context.event.EventPublishingTestExecutionListener@4d504bd1, org.springframework.boot.test.autoconfigure.restdocs.RestDocsTestExecutionListener@63c0238e, org.springframework.boot.test.autoconfigure.web.client.MockRestServiceServerResetTestExecutionListener@2839843e, org.springframework.boot.test.autoconfigure.web.servlet.MockMvcPrintOnlyOnFailureTestExecutionListener@1e076f2a, org.springframework.boot.test.autoconfigure.web.servlet.WebDriverTestExecutionListener@5146a1f8, org.springframework.boot.test.autoconfigure.webservices.client.MockWebServiceServerTestExecutionListener@3378240d, org.springframework.boot.test.mock.mockito.ResetMocksTestExecutionListener@57045e28]
]]></system-out>
  <system-err><![CDATA[]]></system-err>
</testsuite>
