<?xml version="1.0" encoding="UTF-8"?>
<testsuite name="com.meli.ApplicationTest" tests="2" skipped="0" failures="0" errors="0" timestamp="2024-06-25T12:26:54" hostname="DESKTOP-UURGNPQ" time="1.136">
  <properties/>
  <testcase name="mainMethodStartsApplication()" classname="com.meli.ApplicationTest" time="1.129"/>
  <testcase name="contextLoads()" classname="com.meli.ApplicationTest" time="0.006"/>
  <system-out><![CDATA[07:26:52.387 [Test worker] DEBUG org.springframework.test.context.BootstrapUtils - Instantiating CacheAwareContextLoaderDelegate from class [org.springframework.test.context.cache.DefaultCacheAwareContextLoaderDelegate]
07:26:52.406 [Test worker] DEBUG org.springframework.test.context.BootstrapUtils - Instantiating BootstrapContext using constructor [public org.springframework.test.context.support.DefaultBootstrapContext(java.lang.Class,org.springframework.test.context.CacheAwareContextLoaderDelegate)]
07:26:52.463 [Test worker] DEBUG org.springframework.test.context.BootstrapUtils - Instantiating TestContextBootstrapper for test class [com.meli.ApplicationTest] from class [org.springframework.boot.test.context.SpringBootTestContextBootstrapper]
07:26:52.480 [Test worker] INFO org.springframework.boot.test.context.SpringBootTestContextBootstrapper - Neither @ContextConfiguration nor @ContextHierarchy found for test class [com.meli.ApplicationTest], using SpringBootContextLoader
07:26:52.487 [Test worker] DEBUG org.springframework.test.context.support.AbstractContextLoader - Did not detect default resource location for test class [com.meli.ApplicationTest]: class path resource [com/meli/ApplicationTest-context.xml] does not exist
07:26:52.487 [Test worker] DEBUG org.springframework.test.context.support.AbstractContextLoader - Did not detect default resource location for test class [com.meli.ApplicationTest]: class path resource [com/meli/ApplicationTestContext.groovy] does not exist
07:26:52.488 [Test worker] INFO org.springframework.test.context.support.AbstractContextLoader - Could not detect default resource locations for test class [com.meli.ApplicationTest]: no resource found for suffixes {-context.xml, Context.groovy}.
07:26:52.489 [Test worker] INFO org.springframework.test.context.support.AnnotationConfigContextLoaderUtils - Could not detect default configuration classes for test class [com.meli.ApplicationTest]: ApplicationTest does not declare any static, non-private, non-final, nested classes annotated with @Configuration.
07:26:52.540 [Test worker] DEBUG org.springframework.test.context.support.ActiveProfilesUtils - Could not find an 'annotation declaring class' for annotation type [org.springframework.test.context.ActiveProfiles] and class [com.meli.ApplicationTest]
07:26:52.618 [Test worker] DEBUG org.springframework.context.annotation.ClassPathScanningCandidateComponentProvider - Identified candidate component class: file [F:\Meli\build\classes\java\main\com\meli\Application.class]
07:26:52.619 [Test worker] INFO org.springframework.boot.test.context.SpringBootTestContextBootstrapper - Found @SpringBootConfiguration com.meli.Application for test class com.meli.ApplicationTest
07:26:52.744 [Test worker] DEBUG org.springframework.boot.test.context.SpringBootTestContextBootstrapper - @TestExecutionListeners is not present for class [com.meli.ApplicationTest]: using defaults.
07:26:52.745 [Test worker] INFO org.springframework.boot.test.context.SpringBootTestContextBootstrapper - Loaded default TestExecutionListener class names from location [META-INF/spring.factories]: [org.springframework.boot.test.autoconfigure.restdocs.RestDocsTestExecutionListener, org.springframework.boot.test.autoconfigure.web.client.MockRestServiceServerResetTestExecutionListener, org.springframework.boot.test.autoconfigure.web.servlet.MockMvcPrintOnlyOnFailureTestExecutionListener, org.springframework.boot.test.autoconfigure.web.servlet.WebDriverTestExecutionListener, org.springframework.boot.test.autoconfigure.webservices.client.MockWebServiceServerTestExecutionListener, org.springframework.boot.test.mock.mockito.MockitoTestExecutionListener, org.springframework.boot.test.mock.mockito.ResetMocksTestExecutionListener, org.springframework.test.context.web.ServletTestExecutionListener, org.springframework.test.context.support.DirtiesContextBeforeModesTestExecutionListener, org.springframework.test.context.event.ApplicationEventsTestExecutionListener, org.springframework.test.context.support.DependencyInjectionTestExecutionListener, org.springframework.test.context.support.DirtiesContextTestExecutionListener, org.springframework.test.context.transaction.TransactionalTestExecutionListener, org.springframework.test.context.jdbc.SqlScriptsTestExecutionListener, org.springframework.test.context.event.EventPublishingTestExecutionListener]
07:26:52.762 [Test worker] DEBUG org.springframework.boot.test.context.SpringBootTestContextBootstrapper - Skipping candidate TestExecutionListener [org.springframework.test.context.transaction.TransactionalTestExecutionListener] due to a missing dependency. Specify custom listener classes or make the default listener classes and their required dependencies available. Offending class: [org/springframework/transaction/interceptor/TransactionAttributeSource]
07:26:52.762 [Test worker] DEBUG org.springframework.boot.test.context.SpringBootTestContextBootstrapper - Skipping candidate TestExecutionListener [org.springframework.test.context.jdbc.SqlScriptsTestExecutionListener] due to a missing dependency. Specify custom listener classes or make the default listener classes and their required dependencies available. Offending class: [org/springframework/transaction/interceptor/TransactionAttribute]
07:26:52.763 [Test worker] INFO org.springframework.boot.test.context.SpringBootTestContextBootstrapper - Using TestExecutionListeners: [org.springframework.test.context.web.ServletTestExecutionListener@21ee5a18, org.springframework.test.context.support.DirtiesContextBeforeModesTestExecutionListener@4cfa4466, org.springframework.test.context.event.ApplicationEventsTestExecutionListener@1bf9a457, org.springframework.boot.test.mock.mockito.MockitoTestExecutionListener@6174cc5f, org.springframework.boot.test.autoconfigure.SpringBootDependencyInjectionTestExecutionListener@329974f3, org.springframework.test.context.support.DirtiesContextTestExecutionListener@2cdedfb2, org.springframework.test.context.event.EventPublishingTestExecutionListener@7ad30d62, org.springframework.boot.test.autoconfigure.restdocs.RestDocsTestExecutionListener@3d822053, org.springframework.boot.test.autoconfigure.web.client.MockRestServiceServerResetTestExecutionListener@4445f5fc, org.springframework.boot.test.autoconfigure.web.servlet.MockMvcPrintOnlyOnFailureTestExecutionListener@1e3c8189, org.springframework.boot.test.autoconfigure.web.servlet.WebDriverTestExecutionListener@7c663731, org.springframework.boot.test.autoconfigure.webservices.client.MockWebServiceServerTestExecutionListener@50ca0056, org.springframework.boot.test.mock.mockito.ResetMocksTestExecutionListener@3bcbf5a6]
07:26:52.769 [Test worker] DEBUG org.springframework.test.context.support.AbstractDirtiesContextTestExecutionListener - Before test class: context [DefaultTestContext@11472636 testClass = ApplicationTest, testInstance = [null], testMethod = [null], testException = [null], mergedContextConfiguration = [WebMergedContextConfiguration@6b2e389c testClass = ApplicationTest, locations = '{}', classes = '{class com.meli.Application}', contextInitializerClasses = '[]', activeProfiles = '{}', propertySourceLocations = '{}', propertySourceProperties = '{org.springframework.boot.test.context.SpringBootTestContextBootstrapper=true}', contextCustomizers = set[org.springframework.boot.test.autoconfigure.actuate.metrics.MetricsExportContextCustomizerFactory$DisableMetricExportContextCustomizer@574b122f, org.springframework.boot.test.autoconfigure.properties.PropertyMappingContextCustomizer@0, org.springframework.boot.test.autoconfigure.web.servlet.WebDriverContextCustomizerFactory$Customizer@5df784f9, org.springframework.boot.test.context.filter.ExcludeFilterContextCustomizer@5221d656, org.springframework.boot.test.json.DuplicateJsonObjectContextCustomizerFactory$DuplicateJsonObjectContextCustomizer@3cd8d0f8, org.springframework.boot.test.mock.mockito.MockitoContextCustomizer@0, org.springframework.boot.test.web.client.TestRestTemplateContextCustomizer@5cc1c6f2, org.springframework.boot.test.context.SpringBootTestArgs@1, org.springframework.boot.test.context.SpringBootTestWebEnvironment@1a1676c7], resourceBasePath = 'src/main/webapp', contextLoader = 'org.springframework.boot.test.context.SpringBootContextLoader', parent = [null]], attributes = map['org.springframework.test.context.web.ServletTestExecutionListener.activateListener' -> true]], class annotated with @DirtiesContext [false] with mode [null].
07:26:52.835 [Test worker] DEBUG org.springframework.boot.ApplicationServletEnvironment - Activating profiles []
07:26:52.836 [Test worker] DEBUG org.springframework.test.context.support.TestPropertySourceUtils - Adding inlined properties to environment: {spring.jmx.enabled=false, org.springframework.boot.test.context.SpringBootTestContextBootstrapper=true}

  .   ____          _            __ _ _
 /\\ / ___'_ __ _ _(_)_ __  __ _ \ \ \ \
( ( )\___ | '_ | '_| | '_ \/ _` | \ \ \ \
 \\/  ___)| |_)| | | | | || (_| |  ) ) ) )
  '  |____| .__|_| |_|_| |_\__, | / / / /
 =========|_|==============|___/=/_/_/_/
 :: Spring Boot ::                (v2.6.1)

2024-06-25 07:26:53.143  INFO 24808 --- [    Test worker] com.meli.ApplicationTest                 : Starting ApplicationTest using Java 13.0.14 on DESKTOP-UURGNPQ with PID 24808 (started by Teo in F:\Meli)
2024-06-25 07:26:53.144  INFO 24808 --- [    Test worker] com.meli.ApplicationTest                 : No active profile set, falling back to default profiles: default
2024-06-25 07:26:54.841  INFO 24808 --- [    Test worker] com.meli.ApplicationTest                 : Started ApplicationTest in 2.002 seconds (JVM running for 3.555)

  .   ____          _            __ _ _
 /\\ / ___'_ __ _ _(_)_ __  __ _ \ \ \ \
( ( )\___ | '_ | '_| | '_ \/ _` | \ \ \ \
 \\/  ___)| |_)| | | | | || (_| |  ) ) ) )
  '  |____| .__|_| |_|_| |_\__, | / / / /
 =========|_|==============|___/=/_/_/_/
 :: Spring Boot ::                (v2.6.1)

2024-06-25 07:26:55.361  INFO 24808 --- [    Test worker] com.meli.Application                     : Starting Application using Java 13.0.14 on DESKTOP-UURGNPQ with PID 24808 (started by Teo in F:\Meli)
2024-06-25 07:26:55.361  INFO 24808 --- [    Test worker] com.meli.Application                     : No active profile set, falling back to default profiles: default
2024-06-25 07:26:55.677  INFO 24808 --- [    Test worker] o.s.b.w.embedded.tomcat.TomcatWebServer  : Tomcat initialized with port(s): 8080 (http)
2024-06-25 07:26:55.698  INFO 24808 --- [    Test worker] o.apache.catalina.core.StandardService   : Starting service [Tomcat]
2024-06-25 07:26:55.698  INFO 24808 --- [    Test worker] org.apache.catalina.core.StandardEngine  : Starting Servlet engine: [Apache Tomcat/9.0.55]
2024-06-25 07:26:55.817  INFO 24808 --- [    Test worker] o.a.c.c.C.[Tomcat].[localhost].[/]       : Initializing Spring embedded WebApplicationContext
2024-06-25 07:26:55.818  INFO 24808 --- [    Test worker] w.s.c.ServletWebServerApplicationContext : Root WebApplicationContext: initialization completed in 454 ms
2024-06-25 07:26:55.980  INFO 24808 --- [    Test worker] o.s.b.w.embedded.tomcat.TomcatWebServer  : Tomcat started on port(s): 8080 (http) with context path ''
2024-06-25 07:26:55.983  INFO 24808 --- [    Test worker] com.meli.Application                     : Started Application in 0.647 seconds (JVM running for 4.698)
Aplicación corriendo
]]></system-out>
  <system-err><![CDATA[[2024.06.25 07:26:52] (Coverage): Error during class instrumentation: org.springframework.boot.logging.log4j2.Log4J2LoggingSystem: java.lang.RuntimeException: java.io.IOException: Class org/apache/logging/log4j/core/config/composite/CompositeConfiguration not found
]]></system-err>
</testsuite>
